#
# A fatal error has been detected by the Java Runtime Environment:
#
#  EXCEPTION_ACCESS_VIOLATION (0xc0000005) at pc=0x00007ff90813cdf7, pid=12212, tid=11480
#
# JRE version: OpenJDK Runtime Environment Temurin-17.0.2+8 (17.0.2+8) (build 17.0.2+8)
# Java VM: OpenJDK 64-Bit Server VM Temurin-17.0.2+8 (17.0.2+8, mixed mode, tiered, compressed oops, compressed class ptrs, parallel gc, windows-amd64)
# Problematic frame:
# V  [jvm.dll+0x62cdf7]
#
# No core dump will be written. Minidumps are not enabled by default on client versions of Windows
#
# If you would like to submit a bug report, please visit:
#   https://github.com/adoptium/adoptium-support/issues
#

---------------  S U M M A R Y ------------

Command Line: --add-modules=ALL-SYSTEM --add-opens=java.base/java.util=ALL-UNNAMED --add-opens=java.base/java.lang=ALL-UNNAMED --add-opens=java.base/sun.nio.fs=ALL-UNNAMED -Declipse.application=org.eclipse.jdt.ls.core.id1 -Dosgi.bundles.defaultStartLevel=4 -Declipse.product=org.eclipse.jdt.ls.core.product -Djava.import.generatesMetadataFilesAtProjectRoot=false -Dfile.encoding=utf8 -DwatchParentProcess=false -XX:+UseParallelGC -XX:GCTimeRatio=4 -XX:AdaptiveSizePolicyWeight=90 -Dsun.zip.disableMemoryMapping=true -Xmx1G -Xms100m -XX:+HeapDumpOnOutOfMemoryError -XX:HeapDumpPath=c:\Users\sergiojunior\AppData\Roaming\Code\User\workspaceStorage\b2d34625c9afce2452607dc0da97ecd1\redhat.java c:\Users\sergiojunior\.vscode\extensions\redhat.java-1.4.0-win32-x64\server\plugins\org.eclipse.equinox.launcher_1.6.400.v20210924-0641.jar -configuration c:\Users\sergiojunior\AppData\Roaming\Code\User\globalStorage\redhat.java\1.4.0\config_win -data c:\Users\sergiojunior\AppData\Roaming\Code\User\workspaceStorage\b2d34625c9afce2452607dc0da97ecd1\redhat.java\jdt_ws

Host: Intel(R) Core(TM) i7-8700 CPU @ 3.20GHz, 12 cores, 7G,  Windows 10 , 64 bit Build 19041 (10.0.19041.1566)
Time: Tue Apr 12 14:57:43 2022 Hora Padrão Brasil Central elapsed time: 11747.729996 seconds (0d 3h 15m 47s)

---------------  T H R E A D  ---------------

Current thread (0x0000021244b92820):  VMThread "VM Thread" [stack: 0x000000342f400000,0x000000342f500000] [id=11480]

Stack: [0x000000342f400000,0x000000342f500000],  sp=0x000000342f4fe2e0,  free space=1016k
Native frames: (J=compiled Java code, j=interpreted, Vv=VM code, C=native code)
V  [jvm.dll+0x62cdf7]
V  [jvm.dll+0x36bde8]
V  [jvm.dll+0x5397cc]
V  [jvm.dll+0x6af2c4]
V  [jvm.dll+0x6ae36d]
V  [jvm.dll+0x6b49f1]
V  [jvm.dll+0x680913]
V  [jvm.dll+0x6b60c4]
V  [jvm.dll+0x835ebb]
V  [jvm.dll+0x836bf4]
V  [jvm.dll+0x83710c]
V  [jvm.dll+0x8374e4]
V  [jvm.dll+0x8375b0]
V  [jvm.dll+0x7dff2a]
V  [jvm.dll+0x6744d5]
C  [ucrtbase.dll+0x21bb2]
C  [KERNEL32.DLL+0x17034]
C  [ntdll.dll+0x52651]


siginfo: EXCEPTION_ACCESS_VIOLATION (0xc0000005), reading address 0xffffffffffffffff


Register to memory mapping:

RIP=0x00007ff90813cdf7 jvm.dll
RAX=0x0000000000000048 is an unknown value
RBX=0x000002122f0b96c0 points into unknown readable memory: 0x0000000000000000 | 00 00 00 00 00 00 00 00
RCX=0x971f1800971e5600 is an unknown value
RDX=0x0 is NULL
RSP=0x000000342f4fe2e0 points into unknown readable memory: 0x0000021255fb5310 | 10 53 fb 55 12 02 00 00
RBP=0x000000010062c680 is a pointer to class: 
org.eclipse.jdt.internal.codeassist.complete.CompletionOnUsesSingleTypeReference {0x000000010062c688}
 - instance size:     9
 - klass size:        215
 - access:            public synchronized 
 - state:             loaded
 - name:              'org/eclipse/jdt/internal/codeassist/complete/CompletionOnUsesSingleTypeReference'
 - super:             'org/eclipse/jdt/internal/codeassist/complete/CompletionOnSingleTypeReference'
 - sub:               
 - arrays:            NULL
 - methods:           Array<T>(0x0000021255898a58)
 - method ordering:   Array<T>(0x0000021243000018)
 - default_methods:   Array<T>(0x0000000000000000)
 - local interfaces:  Array<T>(0x0000021243000058)
 - trans. interfaces: Array<T>(0x0000021248bbc448)
 - constants:         constant pool [20] {0x00000212558986f0} for 'org/eclipse/jdt/internal/codeassist/complete/CompletionOnUsesSingleTypeReference'
 - class loader data:  loader data: 0x00000212477e5810 for instance a 'org/eclipse/osgi/internal/loader/EquinoxClassLoader'{0x00000000c01427a8}
 - source file:       'CompletionOnUsesSingleTypeReference.java'
 - class annotations:       Array<T>(0x0000000000000000)
 - class type annotations:  Array<T>(0x0000000000000000)
 - field annotations:       Array<T>(0x0000000000000000)
 - field type annotations:  Array<T>(0x0000000000000000)
 - inner classes:     Array<T>(0x0000021243000028)
 - nest members:     Array<T>(0x0000021243000028)
 - permitted subclasses:     Array<T>(0x0000021243000028)
 - java mirror:       a 'java/lang/Class'{0x00000000c3edfde0} = 'org/eclipse/jdt/internal/codeassist/complete/CompletionOnUsesSingleTypeReference'
 - vtable length      153  (start addr: 0x000000010062c848)
 - itable length      2 (start addr: 0x000000010062cd10)
 - ---- static fields (0 words):
 - ---- non-static fields (15 words):
 - public 'sourceStart' 'I' @12 
 - public 'sourceEnd' 'I' @16 
 - public 'bits' 'I' @20 
 - 'patternVarsWhenTrue' '[Lorg/eclipse/jdt/internal/compiler/lookup/LocalVariableBinding;' @24 
 - 'patternVarsWhenFalse' '[Lorg/eclipse/jdt/internal/compiler/lookup/LocalVariableBinding;' @28 
 - public 'statementEnd' 'I' @32 
 - public 'implicitConversion' 'I' @36 
 - public 'constant' 'Lorg/eclipse/jdt/internal/compiler/impl/Constant;' @40 
 - public 'resolvedType' 'Lorg/eclipse/jdt/internal/compiler/lookup/TypeBinding;' @44 
 - public 'annotations' '[[Lorg/eclipse/jdt/internal/compiler/ast/Annotation;' @48 
 - public 'token' '[C' @52 
 - private 'kind' 'I' @56 
 - public 'isCompletionNode' 'Z' @60 
 - public 'isConstructorType' 'Z' @61 
 - public 'canBeExplicitConstructor' 'Z' @62 
 - public 'fieldTypeCompletionNode' 'Lorg/eclipse/jdt/internal/codeassist/complete/CompletionOnFieldType;' @64 
 - public 'possibleKeywords' '[[C' @68 
 - non-static oop maps: 24-28 40-52 64-68 
RSI=0x971f1800971e5600 is an unknown value
RDI=0x0 is NULL
R8 =0x0000000000000002 is an unknown value
R9 =0x0000000000000004 is an unknown value
R10=0x0 is NULL
R11=0x0000000000000246 is an unknown value
R12=0x00007ff908670ab0 jvm.dll
R13=0x00007ff908670a40 jvm.dll
R14=0x0 is NULL
R15=0x00007ff90849b800 jvm.dll


Registers:
RAX=0x0000000000000048, RBX=0x000002122f0b96c0, RCX=0x971f1800971e5600, RDX=0x0000000000000000
RSP=0x000000342f4fe2e0, RBP=0x000000010062c680, RSI=0x971f1800971e5600, RDI=0x0000000000000000
R8 =0x0000000000000002, R9 =0x0000000000000004, R10=0x0000000000000000, R11=0x0000000000000246
R12=0x00007ff908670ab0, R13=0x00007ff908670a40, R14=0x0000000000000000, R15=0x00007ff90849b800
RIP=0x00007ff90813cdf7, EFLAGS=0x0000000000010202

Top of Stack: (sp=0x000000342f4fe2e0)
0x000000342f4fe2e0:   0000021255fb5310 00000000000003d8
0x000000342f4fe2f0:   000002122f0ba1b0 000002122f0ba200
0x000000342f4fe300:   00007ff9084ac5f8 00007ff907d04203
0x000000342f4fe310:   00007ff90849b800 0000000000000000
0x000000342f4fe320:   00007ff908670a40 00007ff908670ab0
0x000000342f4fe330:   0000000000000000 00007ff907e7bde8
0x000000342f4fe340:   00000000000003d8 971f1800971e5600
0x000000342f4fe350:   000000010062c680 0000000000000001
0x000000342f4fe360:   0000000000000000 0000000000000000
0x000000342f4fe370:   0000000000000001 000000342f4fe408
0x000000342f4fe380:   000000010062c680 00007ff9080497cc
0x000000342f4fe390:   000000010062c680 000000342f4fe408
0x000000342f4fe3a0:   0000000000000001 00007ff900000002
0x000000342f4fe3b0:   00007ff90849b800 00000000000001fe
0x000000342f4fe3c0:   ffffffffffffff00 0000000000000004
0x000000342f4fe3d0:   000000000000014a 0000000000000000 

Instructions: (pc=0x00007ff90813cdf7)
0x00007ff90813ccf7:   8b cb e8 32 1d 00 00 48 8b cb 48 3b d8 73 1a 48
0x00007ff90813cd07:   f7 df 0f 1f 80 00 00 00 00 48 8b 11 48 89 14 f9
0x00007ff90813cd17:   48 83 c1 08 48 3b c8 72 f0 0f b6 03 3c 01 76 32
0x00007ff90813cd27:   3c 0d 75 07 b8 10 00 00 00 eb 2c 4c 8d 0d cf f4
0x00007ff90813cd37:   36 00 89 44 24 20 41 b8 62 05 00 00 48 8d 15 d6
0x00007ff90813cd47:   f4 36 00 b9 00 00 00 e0 e8 6c 81 c1 ff e8 67 84
0x00007ff90813cd57:   04 00 b8 08 00 00 00 48 03 d8 48 3b dd 0f 82 86
0x00007ff90813cd67:   fe ff ff eb 2d 85 f6 74 29 4c 8d 04 fd 00 00 00
0x00007ff90813cd77:   00 48 8b cb 49 2b c8 49 c1 e8 03 48 3b cb 4d 0f
0x00007ff90813cd87:   47 c7 4d 85 c0 74 0b 49 c1 e0 03 33 d2 e8 e9 f5
0x00007ff90813cd97:   25 00 48 8b 7c 24 68 4c 8b 64 24 70 48 83 c4 30
0x00007ff90813cda7:   41 5f 41 5e 5e 5d 5b c3 cc 48 89 5c 24 10 48 89
0x00007ff90813cdb7:   6c 24 18 48 89 74 24 20 57 41 54 41 55 41 56 41
0x00007ff90813cdc7:   57 48 83 ec 30 65 48 8b 04 25 58 00 00 00 44 0f
0x00007ff90813cdd7:   b6 f2 44 8b 05 d8 c3 57 00 48 8b f1 4a 8b 1c c0
0x00007ff90813cde7:   b8 48 00 00 00 80 3c 18 00 75 05 e8 b5 e3 25 00
0x00007ff90813cdf7:   83 be 00 01 00 00 00 b8 18 00 00 00 48 8b 04 18
0x00007ff90813ce07:   48 8b a8 30 02 00 00 48 8b 7d 28 4c 8b 7d 10 4c
0x00007ff90813ce17:   8b 65 18 4c 8b 6d 20 48 89 7c 24 60 7e 65 48 8d
0x00007ff90813ce27:   8e 08 01 00 00 e8 ff 0b 00 00 48 8b f8 48 85 c0
0x00007ff90813ce37:   74 4c 0f 1f 80 00 00 00 00 48 8b 07 41 0f b6 d6
0x00007ff90813ce47:   48 8b cf ff 90 80 00 00 00 8b 5f 08 48 8b cf 48
0x00007ff90813ce57:   8b 07 2b de ff 10 8d 48 e0 8d 0c cb 3b 8e 00 01
0x00007ff90813ce67:   00 00 7d 1a 48 63 c1 48 8d 8e 08 01 00 00 48 03
0x00007ff90813ce77:   c8 e8 b3 0b 00 00 48 8b f8 48 85 c0 75 bb 48 8b
0x00007ff90813ce87:   7c 24 60 48 63 86 04 01 00 00 83 f8 fe 74 35 48
0x00007ff90813ce97:   8d 8e 08 01 00 00 48 03 c8 e8 8b 0b 00 00 48 8b
0x00007ff90813cea7:   c8 48 8b d8 48 8b 10 ff 52 68 33 c9 84 c0 48 0f
0x00007ff90813ceb7:   45 cb 48 85 c9 74 0d 48 8b 01 41 0f b6 d6 ff 90
0x00007ff90813cec7:   80 00 00 00 48 8d 05 26 f7 36 00 44 88 74 24 28
0x00007ff90813ced7:   48 8d 54 24 20 48 89 44 24 20 48 8b ce e8 b7 fc
0x00007ff90813cee7:   ff ff 49 83 3f 00 74 13 48 8b d7 48 8b cd e8 d6 


Stack slot to memory mapping:
stack at sp + 0 slots: 0x0000021255fb5310 is pointing into metadata
stack at sp + 1 slots: 0x00000000000003d8 is an unknown value
stack at sp + 2 slots: 0x000002122f0ba1b0 points into unknown readable memory: 0x696c63652e67726f | 6f 72 67 2e 65 63 6c 69
stack at sp + 3 slots: 0x000002122f0ba200 points into unknown readable memory: 0x00007ff90843da00 | 00 da 43 08 f9 7f 00 00
stack at sp + 4 slots: 0x00007ff9084ac5f8 jvm.dll
stack at sp + 5 slots: 0x00007ff907d04203 jvm.dll
stack at sp + 6 slots: 0x00007ff90849b800 jvm.dll
stack at sp + 7 slots: 0x0 is NULL

VM_Operation (0x00000034313feb20): ParallelGCFailedAllocation, mode: safepoint, requested by thread 0x00000212477388d0


---------------  P R O C E S S  ---------------

Threads class SMR info:
_java_thread_list=0x000002124a3858f0, length=28, elements={
0x000002122efdd3b0, 0x0000021242e61fa0, 0x0000021242e62e10, 0x0000021242e69310,
0x0000021242e6a180, 0x0000021242e6cf00, 0x0000021242e6ea20, 0x0000021244bd8030,
0x0000021244bdc7b0, 0x0000021244be14f0, 0x0000021244d52790, 0x0000021244dd16c0,
0x000002124649a9b0, 0x000002124656bad0, 0x0000021246511de0, 0x000002124656e820,
0x0000021247649c20, 0x00000212477358b0, 0x00000212477388d0, 0x0000021247736bf0,
0x0000021247739270, 0x000002124cdd3ba0, 0x0000021247736720, 0x0000021247735d80,
0x0000021247738da0, 0x0000021247737590, 0x0000021247737a60, 0x0000021247737f30
}

Java Threads: ( => current thread )
  0x000002122efdd3b0 JavaThread "main" [_thread_blocked, id=12284, stack(0x000000342f200000,0x000000342f300000)]
  0x0000021242e61fa0 JavaThread "Reference Handler" daemon [_thread_blocked, id=11476, stack(0x000000342f500000,0x000000342f600000)]
  0x0000021242e62e10 JavaThread "Finalizer" daemon [_thread_blocked, id=11540, stack(0x000000342f600000,0x000000342f700000)]
  0x0000021242e69310 JavaThread "Signal Dispatcher" daemon [_thread_blocked, id=11588, stack(0x000000342f700000,0x000000342f800000)]
  0x0000021242e6a180 JavaThread "Attach Listener" daemon [_thread_blocked, id=11508, stack(0x000000342f800000,0x000000342f900000)]
  0x0000021242e6cf00 JavaThread "Service Thread" daemon [_thread_blocked, id=11456, stack(0x000000342f900000,0x000000342fa00000)]
  0x0000021242e6ea20 JavaThread "Monitor Deflation Thread" daemon [_thread_blocked, id=11516, stack(0x000000342fa00000,0x000000342fb00000)]
  0x0000021244bd8030 JavaThread "C2 CompilerThread0" daemon [_thread_blocked, id=11500, stack(0x000000342fb00000,0x000000342fc00000)]
  0x0000021244bdc7b0 JavaThread "C1 CompilerThread0" daemon [_thread_blocked, id=11460, stack(0x000000342fc00000,0x000000342fd00000)]
  0x0000021244be14f0 JavaThread "Sweeper thread" daemon [_thread_blocked, id=11548, stack(0x000000342fd00000,0x000000342fe00000)]
  0x0000021244d52790 JavaThread "Common-Cleaner" daemon [_thread_blocked, id=11556, stack(0x000000342fe00000,0x000000342ff00000)]
  0x0000021244dd16c0 JavaThread "Notification Thread" daemon [_thread_blocked, id=11576, stack(0x0000003430000000,0x0000003430100000)]
  0x000002124649a9b0 JavaThread "Active Thread: Equinox Container: fe87b366-71c8-4ea6-a3bb-a39a0f1203a2" [_thread_blocked, id=11780, stack(0x0000003430200000,0x0000003430300000)]
  0x000002124656bad0 JavaThread "Framework Event Dispatcher: Equinox Container: fe87b366-71c8-4ea6-a3bb-a39a0f1203a2" daemon [_thread_blocked, id=11724, stack(0x000000342ff00000,0x0000003430000000)]
  0x0000021246511de0 JavaThread "Start Level: Equinox Container: fe87b366-71c8-4ea6-a3bb-a39a0f1203a2" daemon [_thread_blocked, id=11732, stack(0x0000003430300000,0x0000003430400000)]
  0x000002124656e820 JavaThread "SCR Component Actor" daemon [_thread_blocked, id=11984, stack(0x0000003430a00000,0x0000003430b00000)]
  0x0000021247649c20 JavaThread "Bundle File Closer" daemon [_thread_blocked, id=12144, stack(0x0000003430c00000,0x0000003430d00000)]
  0x00000212477358b0 JavaThread "Worker-JM" [_thread_blocked, id=12088, stack(0x0000003430d00000,0x0000003430e00000)]
  0x00000212477388d0 JavaThread "Java indexing" daemon [_thread_blocked, id=10740, stack(0x0000003431300000,0x0000003431400000)]
  0x0000021247736bf0 JavaThread "pool-2-thread-1" [_thread_in_native, id=3940, stack(0x0000003431500000,0x0000003431600000)]
  0x0000021247739270 JavaThread "Worker-4" [_thread_blocked, id=2884, stack(0x0000003431900000,0x0000003431a00000)]
  0x000002124cdd3ba0 JavaThread "Worker-6" [_thread_blocked, id=6496, stack(0x0000003431a00000,0x0000003431b00000)]
  0x0000021247736720 JavaThread "ForkJoinPool.commonPool-worker-24" daemon [_thread_blocked, id=13292, stack(0x000000342ef00000,0x000000342f000000)]
  0x0000021247735d80 JavaThread "ForkJoinPool.commonPool-worker-25" daemon [_thread_blocked, id=6116, stack(0x000000342f000000,0x000000342f100000)]
  0x0000021247738da0 JavaThread "ForkJoinPool.commonPool-worker-26" daemon [_thread_blocked, id=10700, stack(0x000000342f100000,0x000000342f200000)]
  0x0000021247737590 JavaThread "Worker-10" [_thread_blocked, id=8656, stack(0x0000003430b00000,0x0000003430c00000)]
  0x0000021247737a60 JavaThread "ForkJoinPool.commonPool-worker-27" daemon [_thread_blocked, id=2492, stack(0x0000003430e00000,0x0000003430f00000)]
  0x0000021247737f30 JavaThread "ForkJoinPool.commonPool-worker-28" daemon [_thread_blocked, id=10340, stack(0x0000003431200000,0x0000003431300000)]

Other Threads:
=>0x0000021244b92820 VMThread "VM Thread" [stack: 0x000000342f400000,0x000000342f500000] [id=11480]
  0x0000021244dd1da0 WatcherThread [stack: 0x0000003430100000,0x0000003430200000] [id=11584]
  0x000002122eff5470 GCTaskThread "GC Thread#0" [stack: 0x000000342f300000,0x000000342f400000] [id=11452]
  0x00000212465122b0 GCTaskThread "GC Thread#1" [stack: 0x0000003430400000,0x0000003430500000] [id=11728]
  0x0000021246512560 GCTaskThread "GC Thread#2" [stack: 0x0000003430500000,0x0000003430600000] [id=11628]
  0x0000021246512c20 GCTaskThread "GC Thread#3" [stack: 0x0000003430600000,0x0000003430700000] [id=11752]
  0x0000021246531640 GCTaskThread "GC Thread#4" [stack: 0x0000003430700000,0x0000003430800000] [id=11688]
  0x00000212465318f0 GCTaskThread "GC Thread#5" [stack: 0x0000003430800000,0x0000003430900000] [id=11624]
  0x0000021246531ba0 GCTaskThread "GC Thread#6" [stack: 0x0000003430900000,0x0000003430a00000] [id=11992]
  0x000002124777a010 GCTaskThread "GC Thread#7" [stack: 0x0000003430f00000,0x0000003431000000] [id=12224]
  0x00000212477f1890 GCTaskThread "GC Thread#8" [stack: 0x0000003431000000,0x0000003431100000] [id=10756]
  0x00000212477f1b40 GCTaskThread "GC Thread#9" [stack: 0x0000003431100000,0x0000003431200000] [id=11692]

Threads with active compile tasks:

VM state: at safepoint (normal execution)

VM Mutex/Monitor currently owned by a thread:  ([mutex/lock_event])
[0x000002122efd96a0] Threads_lock - owner thread: 0x0000021244b92820
[0x000002122efda030] Heap_lock - owner thread: 0x00000212477388d0

Heap address: 0x00000000c0000000, size: 1024 MB, Compressed Oops mode: 32-bit

CDS archive(s) not mapped
Compressed class space mapped at: 0x0000000100000000-0x0000000140000000, reserved size: 1073741824
Narrow klass base: 0x0000000000000000, Narrow klass shift: 3, Narrow klass range: 0x140000000

GC Precious Log:
 CPUs: 12 total, 12 available
 Memory: 8029M
 Large Page Support: Disabled
 NUMA Support: Disabled
 Compressed Oops: Enabled (32-bit)
 Alignments: Space 512K, Generation 512K, Heap 2M
 Heap Min Capacity: 100M
 Heap Initial Capacity: 100M
 Heap Max Capacity: 1G
 Pre-touch: Disabled
 Parallel Workers: 10

Heap:
 PSYoungGen      total 2048K, used 512K [0x00000000eab00000, 0x00000000eba00000, 0x0000000100000000)
  eden space 1536K, 0% used [0x00000000eab00000,0x00000000eab00000,0x00000000eac80000)
  from space 512K, 100% used [0x00000000eb200000,0x00000000eb280000,0x00000000eb280000)
  to   space 5632K, 0% used [0x00000000eac80000,0x00000000eac80000,0x00000000eb200000)
 ParOldGen       total 104448K, used 100467K [0x00000000c0000000, 0x00000000c6600000, 0x00000000eab00000)
  object space 104448K, 96% used [0x00000000c0000000,0x00000000c621cea8,0x00000000c6600000)
 Metaspace       used 64247K, committed 65152K, reserved 1114112K
  class space    used 6622K, committed 6976K, reserved 1048576K

Card table byte_map: [0x000002122e9a0000,0x000002122ebb0000] _byte_map_base: 0x000002122e3a0000

Marking Bits: (ParMarkBitMap*) 0x00007ff908693af0
 Begin Bits: [0x0000021240c70000, 0x0000021241c70000)
 End Bits:   [0x0000021241c70000, 0x0000021242c70000)

Polling page: 0x000002122cf30000

Metaspace:

Usage:
  Non-class:     56.27 MB used.
      Class:      6.47 MB used.
       Both:     62.74 MB used.

Virtual space:
  Non-class space:       64.00 MB reserved,      56.81 MB ( 89%) committed,  8 nodes.
      Class space:        1.00 GB reserved,       6.81 MB ( <1%) committed,  1 nodes.
             Both:        1.06 GB reserved,      63.62 MB (  6%) committed. 

Chunk freelists:
   Non-Class:  3.23 MB
       Class:  1.22 MB
        Both:  4.46 MB

MaxMetaspaceSize: unlimited
CompressedClassSpaceSize: 1.00 GB
Initial GC threshold: 21.00 MB
Current GC threshold: 105.62 MB
CDS: off
MetaspaceReclaimPolicy: balanced
 - commit_granule_bytes: 65536.
 - commit_granule_words: 8192.
 - virtual_space_node_default_size: 1048576.
 - enlarge_chunks_in_place: 1.
 - new_chunks_are_fully_committed: 0.
 - uncommit_free_chunks: 1.
 - use_allocation_guard: 0.
 - handle_deallocations: 1.


Internal statistics:

num_allocs_failed_limit: 6.
num_arena_births: 428.
num_arena_deaths: 60.
num_vsnodes_births: 9.
num_vsnodes_deaths: 0.
num_space_committed: 1018.
num_space_uncommitted: 0.
num_chunks_returned_to_freelist: 73.
num_chunks_taken_from_freelist: 2891.
num_chunk_merges: 27.
num_chunk_splits: 1847.
num_chunks_enlarged: 1125.
num_purges: 2.
num_inconsistent_stats: 0.

CodeHeap 'non-profiled nmethods': size=120000Kb used=6335Kb max_used=6335Kb free=113665Kb
 bounds [0x0000021239740000, 0x0000021239d70000, 0x0000021240c70000]
CodeHeap 'profiled nmethods': size=120000Kb used=19068Kb max_used=19068Kb free=100932Kb
 bounds [0x0000021232210000, 0x00000212334c0000, 0x0000021239740000]
CodeHeap 'non-nmethods': size=5760Kb used=1346Kb max_used=1455Kb free=4413Kb
 bounds [0x0000021231c70000, 0x0000021231ee0000, 0x0000021232210000]
 total_blobs=9108 nmethods=8420 adapters=600
 compilation: enabled
              stopped_count=0, restarted_count=0
 full_count=0

Compilation events (20 events):
Event: 11747.101 Thread 0x0000021244bdc7b0 nmethod 9758 0x00000212334aa110 code [0x00000212334aa320, 0x00000212334aa948]
Event: 11747.101 Thread 0x0000021244bdc7b0 9759   !   3       org.eclipse.core.internal.jobs.ImplicitJobs::endJob (126 bytes)
Event: 11747.102 Thread 0x0000021244bdc7b0 nmethod 9759 0x00000212334aad10 code [0x00000212334ab040, 0x00000212334ac248]
Event: 11747.102 Thread 0x0000021244bd8030 nmethod 9752 0x0000021239d6cd10 code [0x0000021239d6cf20, 0x0000021239d6de68]
Event: 11747.102 Thread 0x0000021244bd8030 9753       4       java.lang.AbstractStringBuilder::checkRangeSIOOBE (63 bytes)
Event: 11747.103 Thread 0x0000021244bd8030 nmethod 9753 0x0000021239d6ea10 code [0x0000021239d6eb80, 0x0000021239d6ec38]
Event: 11747.333 Thread 0x0000021244bdc7b0 9760       3       java.util.regex.Pattern$BmpCharPropertyGreedy::match (89 bytes)
Event: 11747.334 Thread 0x0000021244bdc7b0 nmethod 9760 0x00000212334acb10 code [0x00000212334acd00, 0x00000212334ad348]
Event: 11747.649 Thread 0x0000021244bd8030 9761       4       java.util.regex.Matcher::match (154 bytes)
Event: 11747.650 Thread 0x0000021244bdc7b0 9762  s!   3       org.eclipse.jdt.internal.core.JavaModelManager::removeInfoAndChildren (144 bytes)
Event: 11747.651 Thread 0x0000021244bdc7b0 nmethod 9762 0x00000212334ad590 code [0x00000212334ad8e0, 0x00000212334aeb98]
Event: 11747.651 Thread 0x0000021244bdc7b0 9763       1       org.eclipse.jdt.internal.core.OpenableElementInfo::isStructureKnown (5 bytes)
Event: 11747.651 Thread 0x0000021244bdc7b0 nmethod 9763 0x0000021239d6ed10 code [0x0000021239d6eea0, 0x0000021239d6ef78]
Event: 11747.652 Thread 0x0000021244bdc7b0 9764       1       org.eclipse.core.internal.content.ContentType::getCatalog (5 bytes)
Event: 11747.652 Thread 0x0000021244bdc7b0 nmethod 9764 0x0000021239d6f010 code [0x0000021239d6f1a0, 0x0000021239d6f278]
Event: 11747.653 Thread 0x0000021244bd8030 nmethod 9761 0x0000021239d6f310 code [0x0000021239d6f4c0, 0x0000021239d6f8b8]
Event: 11747.654 Thread 0x0000021244bdc7b0 9765       3       org.eclipse.jdt.internal.core.index.FileIndexLocation::equals (24 bytes)
Event: 11747.654 Thread 0x0000021244bdc7b0 nmethod 9765 0x00000212334af490 code [0x00000212334af6a0, 0x00000212334afe08]
Event: 11747.654 Thread 0x0000021244bdc7b0 9766       3       java.util.regex.Pattern$CharPredicate::lambda$negate$3 (16 bytes)
Event: 11747.655 Thread 0x0000021244bdc7b0 nmethod 9766 0x00000212334b0090 code [0x00000212334b0240, 0x00000212334b0468]

GC Heap History (20 events):
Event: 11744.559 GC heap after
{Heap after GC invocations=315 (full 14):
 PSYoungGen      total 6144K, used 672K [0x00000000eab00000, 0x00000000eb280000, 0x0000000100000000)
  eden space 5120K, 0% used [0x00000000eab00000,0x00000000eab00000,0x00000000eb000000)
  from space 1024K, 65% used [0x00000000eb100000,0x00000000eb1a8000,0x00000000eb200000)
  to   space 512K, 0% used [0x00000000eb200000,0x00000000eb200000,0x00000000eb280000)
 ParOldGen       total 104448K, used 82349K [0x00000000c0000000, 0x00000000c6600000, 0x00000000eab00000)
  object space 104448K, 78% used [0x00000000c0000000,0x00000000c506b4e8,0x00000000c6600000)
 Metaspace       used 64159K, committed 65024K, reserved 1114112K
  class space    used 6621K, committed 6976K, reserved 1048576K
}
Event: 11745.103 GC heap before
{Heap before GC invocations=316 (full 14):
 PSYoungGen      total 6144K, used 5792K [0x00000000eab00000, 0x00000000eb280000, 0x0000000100000000)
  eden space 5120K, 100% used [0x00000000eab00000,0x00000000eb000000,0x00000000eb000000)
  from space 1024K, 65% used [0x00000000eb100000,0x00000000eb1a8000,0x00000000eb200000)
  to   space 512K, 0% used [0x00000000eb200000,0x00000000eb200000,0x00000000eb280000)
 ParOldGen       total 104448K, used 82349K [0x00000000c0000000, 0x00000000c6600000, 0x00000000eab00000)
  object space 104448K, 78% used [0x00000000c0000000,0x00000000c506b4e8,0x00000000c6600000)
 Metaspace       used 64165K, committed 65024K, reserved 1114112K
  class space    used 6621K, committed 6976K, reserved 1048576K
}
Event: 11745.104 GC heap after
{Heap after GC invocations=316 (full 14):
 PSYoungGen      total 4608K, used 512K [0x00000000eab00000, 0x00000000eb600000, 0x0000000100000000)
  eden space 4096K, 0% used [0x00000000eab00000,0x00000000eab00000,0x00000000eaf00000)
  from space 512K, 100% used [0x00000000eb200000,0x00000000eb280000,0x00000000eb280000)
  to   space 3072K, 0% used [0x00000000eaf00000,0x00000000eaf00000,0x00000000eb200000)
 ParOldGen       total 104448K, used 84255K [0x00000000c0000000, 0x00000000c6600000, 0x00000000eab00000)
  object space 104448K, 80% used [0x00000000c0000000,0x00000000c5247e28,0x00000000c6600000)
 Metaspace       used 64165K, committed 65024K, reserved 1114112K
  class space    used 6621K, committed 6976K, reserved 1048576K
}
Event: 11745.112 GC heap before
{Heap before GC invocations=317 (full 14):
 PSYoungGen      total 4608K, used 4608K [0x00000000eab00000, 0x00000000eb600000, 0x0000000100000000)
  eden space 4096K, 100% used [0x00000000eab00000,0x00000000eaf00000,0x00000000eaf00000)
  from space 512K, 100% used [0x00000000eb200000,0x00000000eb280000,0x00000000eb280000)
  to   space 3072K, 0% used [0x00000000eaf00000,0x00000000eaf00000,0x00000000eb200000)
 ParOldGen       total 104448K, used 84255K [0x00000000c0000000, 0x00000000c6600000, 0x00000000eab00000)
  object space 104448K, 80% used [0x00000000c0000000,0x00000000c5247e28,0x00000000c6600000)
 Metaspace       used 64165K, committed 65024K, reserved 1114112K
  class space    used 6621K, committed 6976K, reserved 1048576K
}
Event: 11745.115 GC heap after
{Heap after GC invocations=317 (full 14):
 PSYoungGen      total 7168K, used 3072K [0x00000000eab00000, 0x00000000eb900000, 0x0000000100000000)
  eden space 4096K, 0% used [0x00000000eab00000,0x00000000eab00000,0x00000000eaf00000)
  from space 3072K, 100% used [0x00000000eaf00000,0x00000000eb200000,0x00000000eb200000)
  to   space 5120K, 0% used [0x00000000eb400000,0x00000000eb400000,0x00000000eb900000)
 ParOldGen       total 104448K, used 85788K [0x00000000c0000000, 0x00000000c6600000, 0x00000000eab00000)
  object space 104448K, 82% used [0x00000000c0000000,0x00000000c53c72c8,0x00000000c6600000)
 Metaspace       used 64165K, committed 65024K, reserved 1114112K
  class space    used 6621K, committed 6976K, reserved 1048576K
}
Event: 11745.143 GC heap before
{Heap before GC invocations=318 (full 14):
 PSYoungGen      total 7168K, used 7168K [0x00000000eab00000, 0x00000000eb900000, 0x0000000100000000)
  eden space 4096K, 100% used [0x00000000eab00000,0x00000000eaf00000,0x00000000eaf00000)
  from space 3072K, 100% used [0x00000000eaf00000,0x00000000eb200000,0x00000000eb200000)
  to   space 5120K, 0% used [0x00000000eb400000,0x00000000eb400000,0x00000000eb900000)
 ParOldGen       total 104448K, used 85788K [0x00000000c0000000, 0x00000000c6600000, 0x00000000eab00000)
  object space 104448K, 82% used [0x00000000c0000000,0x00000000c53c72c8,0x00000000c6600000)
 Metaspace       used 64165K, committed 65024K, reserved 1114112K
  class space    used 6621K, committed 6976K, reserved 1048576K
}
Event: 11745.146 GC heap after
{Heap after GC invocations=318 (full 14):
 PSYoungGen      total 7680K, used 3576K [0x00000000eab00000, 0x00000000eb780000, 0x0000000100000000)
  eden space 4096K, 0% used [0x00000000eab00000,0x00000000eab00000,0x00000000eaf00000)
  from space 3584K, 99% used [0x00000000eb400000,0x00000000eb77e3c0,0x00000000eb780000)
  to   space 4096K, 0% used [0x00000000eaf80000,0x00000000eaf80000,0x00000000eb380000)
 ParOldGen       total 104448K, used 88924K [0x00000000c0000000, 0x00000000c6600000, 0x00000000eab00000)
  object space 104448K, 85% used [0x00000000c0000000,0x00000000c56d72c8,0x00000000c6600000)
 Metaspace       used 64165K, committed 65024K, reserved 1114112K
  class space    used 6621K, committed 6976K, reserved 1048576K
}
Event: 11745.273 GC heap before
{Heap before GC invocations=319 (full 14):
 PSYoungGen      total 7680K, used 7672K [0x00000000eab00000, 0x00000000eb780000, 0x0000000100000000)
  eden space 4096K, 100% used [0x00000000eab00000,0x00000000eaf00000,0x00000000eaf00000)
  from space 3584K, 99% used [0x00000000eb400000,0x00000000eb77e3c0,0x00000000eb780000)
  to   space 4096K, 0% used [0x00000000eaf80000,0x00000000eaf80000,0x00000000eb380000)
 ParOldGen       total 104448K, used 88924K [0x00000000c0000000, 0x00000000c6600000, 0x00000000eab00000)
  object space 104448K, 85% used [0x00000000c0000000,0x00000000c56d72c8,0x00000000c6600000)
 Metaspace       used 64168K, committed 65024K, reserved 1114112K
  class space    used 6621K, committed 6976K, reserved 1048576K
}
Event: 11745.277 GC heap after
{Heap after GC invocations=319 (full 14):
 PSYoungGen      total 7168K, used 3056K [0x00000000eab00000, 0x00000000eb600000, 0x0000000100000000)
  eden space 4096K, 0% used [0x00000000eab00000,0x00000000eab00000,0x00000000eaf00000)
  from space 3072K, 99% used [0x00000000eaf80000,0x00000000eb27c000,0x00000000eb280000)
  to   space 3584K, 0% used [0x00000000eb280000,0x00000000eb280000,0x00000000eb600000)
 ParOldGen       total 104448K, used 92381K [0x00000000c0000000, 0x00000000c6600000, 0x00000000eab00000)
  object space 104448K, 88% used [0x00000000c0000000,0x00000000c5a37688,0x00000000c6600000)
 Metaspace       used 64168K, committed 65024K, reserved 1114112K
  class space    used 6621K, committed 6976K, reserved 1048576K
}
Event: 11745.750 GC heap before
{Heap before GC invocations=320 (full 14):
 PSYoungGen      total 7168K, used 7136K [0x00000000eab00000, 0x00000000eb600000, 0x0000000100000000)
  eden space 4096K, 99% used [0x00000000eab00000,0x00000000eaefc268,0x00000000eaf00000)
  from space 3072K, 99% used [0x00000000eaf80000,0x00000000eb27c000,0x00000000eb280000)
  to   space 3584K, 0% used [0x00000000eb280000,0x00000000eb280000,0x00000000eb600000)
 ParOldGen       total 104448K, used 92381K [0x00000000c0000000, 0x00000000c6600000, 0x00000000eab00000)
  object space 104448K, 88% used [0x00000000c0000000,0x00000000c5a37688,0x00000000c6600000)
 Metaspace       used 64190K, committed 65088K, reserved 1114112K
  class space    used 6621K, committed 6976K, reserved 1048576K
}
Event: 11745.752 GC heap after
{Heap after GC invocations=320 (full 14):
 PSYoungGen      total 5120K, used 544K [0x00000000eab00000, 0x00000000eb380000, 0x0000000100000000)
  eden space 4096K, 0% used [0x00000000eab00000,0x00000000eab00000,0x00000000eaf00000)
  from space 1024K, 53% used [0x00000000eb280000,0x00000000eb308000,0x00000000eb380000)
  to   space 1536K, 0% used [0x00000000eb080000,0x00000000eb080000,0x00000000eb200000)
 ParOldGen       total 104448K, used 95285K [0x00000000c0000000, 0x00000000c6600000, 0x00000000eab00000)
  object space 104448K, 91% used [0x00000000c0000000,0x00000000c5d0d688,0x00000000c6600000)
 Metaspace       used 64190K, committed 65088K, reserved 1114112K
  class space    used 6621K, committed 6976K, reserved 1048576K
}
Event: 11746.632 GC heap before
{Heap before GC invocations=321 (full 14):
 PSYoungGen      total 5120K, used 4639K [0x00000000eab00000, 0x00000000eb380000, 0x0000000100000000)
  eden space 4096K, 99% used [0x00000000eab00000,0x00000000eaeffff0,0x00000000eaf00000)
  from space 1024K, 53% used [0x00000000eb280000,0x00000000eb308000,0x00000000eb380000)
  to   space 1536K, 0% used [0x00000000eb080000,0x00000000eb080000,0x00000000eb200000)
 ParOldGen       total 104448K, used 95285K [0x00000000c0000000, 0x00000000c6600000, 0x00000000eab00000)
  object space 104448K, 91% used [0x00000000c0000000,0x00000000c5d0d688,0x00000000c6600000)
 Metaspace       used 64232K, committed 65088K, reserved 1114112K
  class space    used 6622K, committed 6976K, reserved 1048576K
}
Event: 11746.633 GC heap after
{Heap after GC invocations=321 (full 14):
 PSYoungGen      total 5632K, used 480K [0x00000000eab00000, 0x00000000eb300000, 0x0000000100000000)
  eden space 4096K, 0% used [0x00000000eab00000,0x00000000eab00000,0x00000000eaf00000)
  from space 1536K, 31% used [0x00000000eb080000,0x00000000eb0f8000,0x00000000eb200000)
  to   space 1024K, 0% used [0x00000000eb200000,0x00000000eb200000,0x00000000eb300000)
 ParOldGen       total 104448K, used 95341K [0x00000000c0000000, 0x00000000c6600000, 0x00000000eab00000)
  object space 104448K, 91% used [0x00000000c0000000,0x00000000c5d1b688,0x00000000c6600000)
 Metaspace       used 64232K, committed 65088K, reserved 1114112K
  class space    used 6622K, committed 6976K, reserved 1048576K
}
Event: 11747.084 GC heap before
{Heap before GC invocations=322 (full 14):
 PSYoungGen      total 5632K, used 4576K [0x00000000eab00000, 0x00000000eb300000, 0x0000000100000000)
  eden space 4096K, 100% used [0x00000000eab00000,0x00000000eaf00000,0x00000000eaf00000)
  from space 1536K, 31% used [0x00000000eb080000,0x00000000eb0f8000,0x00000000eb200000)
  to   space 1024K, 0% used [0x00000000eb200000,0x00000000eb200000,0x00000000eb300000)
 ParOldGen       total 104448K, used 95341K [0x00000000c0000000, 0x00000000c6600000, 0x00000000eab00000)
  object space 104448K, 91% used [0x00000000c0000000,0x00000000c5d1b688,0x00000000c6600000)
 Metaspace       used 64235K, committed 65088K, reserved 1114112K
  class space    used 6622K, committed 6976K, reserved 1048576K
}
Event: 11747.085 GC heap after
{Heap after GC invocations=322 (full 14):
 PSYoungGen      total 5120K, used 720K [0x00000000eab00000, 0x00000000eb300000, 0x0000000100000000)
  eden space 4096K, 0% used [0x00000000eab00000,0x00000000eab00000,0x00000000eaf00000)
  from space 1024K, 70% used [0x00000000eb200000,0x00000000eb2b4010,0x00000000eb300000)
  to   space 1024K, 0% used [0x00000000eb100000,0x00000000eb100000,0x00000000eb200000)
 ParOldGen       total 104448K, used 95636K [0x00000000c0000000, 0x00000000c6600000, 0x00000000eab00000)
  object space 104448K, 91% used [0x00000000c0000000,0x00000000c5d650c8,0x00000000c6600000)
 Metaspace       used 64235K, committed 65088K, reserved 1114112K
  class space    used 6622K, committed 6976K, reserved 1048576K
}
Event: 11747.662 GC heap before
{Heap before GC invocations=323 (full 14):
 PSYoungGen      total 5120K, used 4816K [0x00000000eab00000, 0x00000000eb300000, 0x0000000100000000)
  eden space 4096K, 100% used [0x00000000eab00000,0x00000000eaf00000,0x00000000eaf00000)
  from space 1024K, 70% used [0x00000000eb200000,0x00000000eb2b4010,0x00000000eb300000)
  to   space 1024K, 0% used [0x00000000eb100000,0x00000000eb100000,0x00000000eb200000)
 ParOldGen       total 104448K, used 95636K [0x00000000c0000000, 0x00000000c6600000, 0x00000000eab00000)
  object space 104448K, 91% used [0x00000000c0000000,0x00000000c5d650c8,0x00000000c6600000)
 Metaspace       used 64247K, committed 65152K, reserved 1114112K
  class space    used 6622K, committed 6976K, reserved 1048576K
}
Event: 11747.664 GC heap after
{Heap after GC invocations=323 (full 14):
 PSYoungGen      total 5120K, used 1001K [0x00000000eab00000, 0x00000000eb280000, 0x0000000100000000)
  eden space 4096K, 0% used [0x00000000eab00000,0x00000000eab00000,0x00000000eaf00000)
  from space 1024K, 97% used [0x00000000eb100000,0x00000000eb1fa4a0,0x00000000eb200000)
  to   space 512K, 0% used [0x00000000eb200000,0x00000000eb200000,0x00000000eb280000)
 ParOldGen       total 104448K, used 96013K [0x00000000c0000000, 0x00000000c6600000, 0x00000000eab00000)
  object space 104448K, 91% used [0x00000000c0000000,0x00000000c5dc3568,0x00000000c6600000)
 Metaspace       used 64247K, committed 65152K, reserved 1114112K
  class space    used 6622K, committed 6976K, reserved 1048576K
}
Event: 11747.671 GC heap before
{Heap before GC invocations=324 (full 14):
 PSYoungGen      total 5120K, used 5097K [0x00000000eab00000, 0x00000000eb280000, 0x0000000100000000)
  eden space 4096K, 100% used [0x00000000eab00000,0x00000000eaf00000,0x00000000eaf00000)
  from space 1024K, 97% used [0x00000000eb100000,0x00000000eb1fa4a0,0x00000000eb200000)
  to   space 512K, 0% used [0x00000000eb200000,0x00000000eb200000,0x00000000eb280000)
 ParOldGen       total 104448K, used 96013K [0x00000000c0000000, 0x00000000c6600000, 0x00000000eab00000)
  object space 104448K, 91% used [0x00000000c0000000,0x00000000c5dc3568,0x00000000c6600000)
 Metaspace       used 64247K, committed 65152K, reserved 1114112K
  class space    used 6622K, committed 6976K, reserved 1048576K
}
Event: 11747.674 GC heap after
{Heap after GC invocations=324 (full 14):
 PSYoungGen      total 2048K, used 512K [0x00000000eab00000, 0x00000000eba00000, 0x0000000100000000)
  eden space 1536K, 0% used [0x00000000eab00000,0x00000000eab00000,0x00000000eac80000)
  from space 512K, 100% used [0x00000000eb200000,0x00000000eb280000,0x00000000eb280000)
  to   space 5632K, 0% used [0x00000000eac80000,0x00000000eac80000,0x00000000eb200000)
 ParOldGen       total 104448K, used 100467K [0x00000000c0000000, 0x00000000c6600000, 0x00000000eab00000)
  object space 104448K, 96% used [0x00000000c0000000,0x00000000c621cea8,0x00000000c6600000)
 Metaspace       used 64247K, committed 65152K, reserved 1114112K
  class space    used 6622K, committed 6976K, reserved 1048576K
}
Event: 11747.674 GC heap before
{Heap before GC invocations=325 (full 15):
 PSYoungGen      total 2048K, used 512K [0x00000000eab00000, 0x00000000eba00000, 0x0000000100000000)
  eden space 1536K, 0% used [0x00000000eab00000,0x00000000eab00000,0x00000000eac80000)
  from space 512K, 100% used [0x00000000eb200000,0x00000000eb280000,0x00000000eb280000)
  to   space 5632K, 0% used [0x00000000eac80000,0x00000000eac80000,0x00000000eb200000)
 ParOldGen       total 104448K, used 100467K [0x00000000c0000000, 0x00000000c6600000, 0x00000000eab00000)
  object space 104448K, 96% used [0x00000000c0000000,0x00000000c621cea8,0x00000000c6600000)
 Metaspace       used 64247K, committed 65152K, reserved 1114112K
  class space    used 6622K, committed 6976K, reserved 1048576K
}

Deoptimization events (20 events):
Event: 11746.678 Thread 0x0000021247736720 Uncommon trap: trap_request=0xffffff3d fr.pc=0x0000021239d0b7d8 relative=0x0000000000000778
Event: 11746.678 Thread 0x0000021247736720 Uncommon trap: reason=unstable_fused_if action=reinterpret pc=0x0000021239d0b7d8 method=org.eclipse.jdt.internal.compiler.problem.ProblemReporter.getIrritant(I)I @ 1 c2
Event: 11746.678 Thread 0x0000021247736720 DEOPT PACKING pc=0x0000021239d0b7d8 sp=0x000000342effe2a0
Event: 11746.678 Thread 0x0000021247736720 DEOPT UNPACKING pc=0x0000021231cc20a3 sp=0x000000342effe228 mode 2
Event: 11746.966 Thread 0x0000021247736720 Uncommon trap: trap_request=0xffffffd6 fr.pc=0x0000021239d6b11c relative=0x00000000000004fc
Event: 11746.966 Thread 0x0000021247736720 Uncommon trap: reason=array_check action=maybe_recompile pc=0x0000021239d6b11c method=java.util.TimSort.reverseRange([Ljava/lang/Object;II)V @ 20 c2
Event: 11746.966 Thread 0x0000021247736720 DEOPT PACKING pc=0x0000021239d6b11c sp=0x000000342effe340
Event: 11746.966 Thread 0x0000021247736720 DEOPT UNPACKING pc=0x0000021231cc20a3 sp=0x000000342effe250 mode 2
Event: 11746.968 Thread 0x0000021247736720 Uncommon trap: trap_request=0xffffffd6 fr.pc=0x0000021239d6b11c relative=0x00000000000004fc
Event: 11746.968 Thread 0x0000021247736720 Uncommon trap: reason=array_check action=maybe_recompile pc=0x0000021239d6b11c method=java.util.TimSort.reverseRange([Ljava/lang/Object;II)V @ 20 c2
Event: 11746.968 Thread 0x0000021247736720 DEOPT PACKING pc=0x0000021239d6b11c sp=0x000000342effe260
Event: 11746.968 Thread 0x0000021247736720 DEOPT UNPACKING pc=0x0000021231cc20a3 sp=0x000000342effe170 mode 2
Event: 11746.968 Thread 0x0000021247736720 Uncommon trap: trap_request=0xffffffd6 fr.pc=0x0000021239d6b11c relative=0x00000000000004fc
Event: 11746.968 Thread 0x0000021247736720 Uncommon trap: reason=array_check action=maybe_recompile pc=0x0000021239d6b11c method=java.util.TimSort.reverseRange([Ljava/lang/Object;II)V @ 20 c2
Event: 11746.968 Thread 0x0000021247736720 DEOPT PACKING pc=0x0000021239d6b11c sp=0x000000342effe130
Event: 11746.968 Thread 0x0000021247736720 DEOPT UNPACKING pc=0x0000021231cc20a3 sp=0x000000342effe040 mode 2
Event: 11746.968 Thread 0x0000021247736720 Uncommon trap: trap_request=0xffffffd6 fr.pc=0x0000021239d6b11c relative=0x00000000000004fc
Event: 11746.968 Thread 0x0000021247736720 Uncommon trap: reason=array_check action=maybe_recompile pc=0x0000021239d6b11c method=java.util.TimSort.reverseRange([Ljava/lang/Object;II)V @ 20 c2
Event: 11746.968 Thread 0x0000021247736720 DEOPT PACKING pc=0x0000021239d6b11c sp=0x000000342effe160
Event: 11746.968 Thread 0x0000021247736720 DEOPT UNPACKING pc=0x0000021231cc20a3 sp=0x000000342effe070 mode 2

Classes unloaded (20 events):
Event: 1391.462 Thread 0x0000021244b92820 Unloading class 0x00000001002a0800 'java/lang/invoke/LambdaForm$MH+0x00000001002a0800'
Event: 1391.462 Thread 0x0000021244b92820 Unloading class 0x0000000100182800 'java/lang/invoke/LambdaForm$MH+0x0000000100182800'
Event: 1391.462 Thread 0x0000021244b92820 Unloading class 0x0000000100182000 'java/lang/invoke/LambdaForm$MH+0x0000000100182000'
Event: 1391.462 Thread 0x0000021244b92820 Unloading class 0x0000000100181c00 'java/lang/invoke/LambdaForm$MH+0x0000000100181c00'
Event: 1391.462 Thread 0x0000021244b92820 Unloading class 0x0000000100181800 'java/lang/invoke/LambdaForm$MH+0x0000000100181800'
Event: 1391.462 Thread 0x0000021244b92820 Unloading class 0x0000000100181000 'java/lang/invoke/LambdaForm$MH+0x0000000100181000'
Event: 1391.462 Thread 0x0000021244b92820 Unloading class 0x0000000100180c00 'java/lang/invoke/LambdaForm$MH+0x0000000100180c00'
Event: 1391.462 Thread 0x0000021244b92820 Unloading class 0x0000000100180800 'java/lang/invoke/LambdaForm$MH+0x0000000100180800'
Event: 1391.462 Thread 0x0000021244b92820 Unloading class 0x0000000100180000 'java/lang/invoke/LambdaForm$MH+0x0000000100180000'
Event: 1391.462 Thread 0x0000021244b92820 Unloading class 0x0000000100129000 'jdk/internal/reflect/GeneratedMethodAccessor5'
Event: 1391.462 Thread 0x0000021244b92820 Unloading class 0x0000000100128c00 'jdk/internal/reflect/GeneratedMethodAccessor4'
Event: 1391.462 Thread 0x0000021244b92820 Unloading class 0x0000000100128800 'jdk/internal/reflect/GeneratedMethodAccessor3'
Event: 1391.462 Thread 0x0000021244b92820 Unloading class 0x0000000100128400 'jdk/internal/reflect/GeneratedMethodAccessor2'
Event: 1391.462 Thread 0x0000021244b92820 Unloading class 0x0000000100128000 'jdk/internal/reflect/GeneratedMethodAccessor1'
Event: 1391.462 Thread 0x0000021244b92820 Unloading class 0x000000010011a400 'java/lang/invoke/LambdaForm$DMH+0x000000010011a400'
Event: 1391.462 Thread 0x0000021244b92820 Unloading class 0x0000000100119c00 'java/lang/invoke/LambdaForm$DMH+0x0000000100119c00'
Event: 11747.695 Thread 0x0000021244b92820 Unloading class 0x00000001006c6400 'jdk/internal/reflect/GeneratedSerializationConstructorAccessor8'
Event: 11747.695 Thread 0x0000021244b92820 Unloading class 0x00000001006c6000 'jdk/internal/reflect/GeneratedSerializationConstructorAccessor7'
Event: 11747.695 Thread 0x0000021244b92820 Unloading class 0x00000001006c5c00 'jdk/internal/reflect/GeneratedSerializationConstructorAccessor6'
Event: 11747.695 Thread 0x0000021244b92820 Unloading class 0x00000001006c5800 'jdk/internal/reflect/GeneratedSerializationConstructorAccessor5'

Classes redefined (0 events):
No events

Internal exceptions (20 events):
Event: 1472.212 Thread 0x000002124cdcf840 Exception <a 'java/lang/ArrayIndexOutOfBoundsException'{0x00000000eabc73a0}> (0x00000000eabc73a0) 
thrown [e:\jenkins\tmp\workspace\build\src\src\hotspot\share\runtime\sharedRuntime.cpp, line 628]
Event: 1472.295 Thread 0x000002124cdcf840 Exception <a 'java/lang/ArrayIndexOutOfBoundsException'{0x00000000eab437b0}> (0x00000000eab437b0) 
thrown [e:\jenkins\tmp\workspace\build\src\src\hotspot\share\runtime\sharedRuntime.cpp, line 628]
Event: 1472.295 Thread 0x000002124cdcf840 Exception <a 'java/lang/ArrayIndexOutOfBoundsException'{0x00000000eab43bf0}> (0x00000000eab43bf0) 
thrown [e:\jenkins\tmp\workspace\build\src\src\hotspot\share\runtime\sharedRuntime.cpp, line 628]
Event: 1472.295 Thread 0x000002124cdcf840 Exception <a 'java/lang/ArrayIndexOutOfBoundsException'{0x00000000eab43fd0}> (0x00000000eab43fd0) 
thrown [e:\jenkins\tmp\workspace\build\src\src\hotspot\share\runtime\sharedRuntime.cpp, line 628]
Event: 1472.540 Thread 0x000002124cdcf840 Exception <a 'java/lang/ArrayIndexOutOfBoundsException'{0x00000000ead07188}> (0x00000000ead07188) 
thrown [e:\jenkins\tmp\workspace\build\src\src\hotspot\share\runtime\sharedRuntime.cpp, line 628]
Event: 1472.540 Thread 0x000002124cdcf840 Exception <a 'java/lang/ArrayIndexOutOfBoundsException'{0x00000000ead07b58}> (0x00000000ead07b58) 
thrown [e:\jenkins\tmp\workspace\build\src\src\hotspot\share\runtime\sharedRuntime.cpp, line 628]
Event: 1472.540 Thread 0x000002124cdcf840 Exception <a 'java/lang/ArrayIndexOutOfBoundsException'{0x00000000ead07f38}> (0x00000000ead07f38) 
thrown [e:\jenkins\tmp\workspace\build\src\src\hotspot\share\runtime\sharedRuntime.cpp, line 628]
Event: 1473.330 Thread 0x00000212477388d0 Exception <a 'sun/nio/fs/WindowsException'{0x00000000eab3e0d0}> (0x00000000eab3e0d0) 
thrown [e:\jenkins\tmp\workspace\build\src\src\hotspot\share\prims\jni.cpp, line 516]
Event: 1473.442 Thread 0x00000212477388d0 Exception <a 'sun/nio/fs/WindowsException'{0x00000000eabbee88}> (0x00000000eabbee88) 
thrown [e:\jenkins\tmp\workspace\build\src\src\hotspot\share\prims\jni.cpp, line 516]
Event: 1475.778 Thread 0x0000021247736bf0 Exception <a 'java/lang/ClassNotFoundException'{0x00000000eace9600}: sun/util/logging/resources/spi/loggingProvider> (0x00000000eace9600) 
thrown [e:\jenkins\tmp\workspace\build\src\src\hotspot\share\classfile\systemDictionary.cpp, line 256]
Event: 1476.805 Thread 0x00000212477388d0 Exception <a 'sun/nio/fs/WindowsException'{0x00000000eab00808}> (0x00000000eab00808) 
thrown [e:\jenkins\tmp\workspace\build\src\src\hotspot\share\prims\jni.cpp, line 516]
Event: 1476.912 Thread 0x00000212477388d0 Exception <a 'sun/nio/fs/WindowsException'{0x00000000eab5dd88}> (0x00000000eab5dd88) 
thrown [e:\jenkins\tmp\workspace\build\src\src\hotspot\share\prims\jni.cpp, line 516]
Event: 11733.767 Thread 0x0000021247736720 Exception <a 'java/lang/ArrayIndexOutOfBoundsException'{0x00000000eafde0e0}> (0x00000000eafde0e0) 
thrown [e:\jenkins\tmp\workspace\build\src\src\hotspot\share\runtime\sharedRuntime.cpp, line 628]
Event: 11743.123 Thread 0x0000021247736720 Exception <a 'java/lang/ArrayIndexOutOfBoundsException'{0x00000000eac8d098}> (0x00000000eac8d098) 
thrown [e:\jenkins\tmp\workspace\build\src\src\hotspot\share\runtime\sharedRuntime.cpp, line 628]
Event: 11743.412 Thread 0x0000021247736720 Exception <a 'java/lang/ArrayIndexOutOfBoundsException'{0x00000000eae35238}> (0x00000000eae35238) 
thrown [e:\jenkins\tmp\workspace\build\src\src\hotspot\share\runtime\sharedRuntime.cpp, line 628]
Event: 11744.257 Thread 0x0000021247736720 Exception <a 'java/lang/ArrayIndexOutOfBoundsException'{0x00000000eab72010}> (0x00000000eab72010) 
thrown [e:\jenkins\tmp\workspace\build\src\src\hotspot\share\runtime\sharedRuntime.cpp, line 628]
Event: 11745.099 Thread 0x00000212477388d0 Exception <a 'sun/nio/fs/WindowsException'{0x00000000eadeb010}> (0x00000000eadeb010) 
thrown [e:\jenkins\tmp\workspace\build\src\src\hotspot\share\prims\jni.cpp, line 516]
Event: 11745.164 Thread 0x00000212477388d0 Exception <a 'sun/nio/fs/WindowsException'{0x00000000eae200b0}> (0x00000000eae200b0) 
thrown [e:\jenkins\tmp\workspace\build\src\src\hotspot\share\prims\jni.cpp, line 516]
Event: 11746.800 Thread 0x0000021247736720 Exception <a 'java/lang/ArrayIndexOutOfBoundsException'{0x00000000eabf0e70}> (0x00000000eabf0e70) 
thrown [e:\jenkins\tmp\workspace\build\src\src\hotspot\share\runtime\sharedRuntime.cpp, line 628]
Event: 11747.659 Thread 0x00000212477388d0 Exception <a 'sun/nio/fs/WindowsException'{0x00000000eae16a88}> (0x00000000eae16a88) 
thrown [e:\jenkins\tmp\workspace\build\src\src\hotspot\share\prims\jni.cpp, line 516]

VM Operations (20 events):
Event: 11744.056 Executing VM operation: ParallelGCFailedAllocation done
Event: 11744.558 Executing VM operation: ParallelGCFailedAllocation
Event: 11744.559 Executing VM operation: ParallelGCFailedAllocation done
Event: 11745.103 Executing VM operation: ParallelGCFailedAllocation
Event: 11745.104 Executing VM operation: ParallelGCFailedAllocation done
Event: 11745.112 Executing VM operation: ParallelGCFailedAllocation
Event: 11745.115 Executing VM operation: ParallelGCFailedAllocation done
Event: 11745.143 Executing VM operation: ParallelGCFailedAllocation
Event: 11745.146 Executing VM operation: ParallelGCFailedAllocation done
Event: 11745.272 Executing VM operation: ParallelGCFailedAllocation
Event: 11745.277 Executing VM operation: ParallelGCFailedAllocation done
Event: 11745.750 Executing VM operation: ParallelGCFailedAllocation
Event: 11745.752 Executing VM operation: ParallelGCFailedAllocation done
Event: 11746.632 Executing VM operation: ParallelGCFailedAllocation
Event: 11746.633 Executing VM operation: ParallelGCFailedAllocation done
Event: 11747.084 Executing VM operation: ParallelGCFailedAllocation
Event: 11747.085 Executing VM operation: ParallelGCFailedAllocation done
Event: 11747.662 Executing VM operation: ParallelGCFailedAllocation
Event: 11747.664 Executing VM operation: ParallelGCFailedAllocation done
Event: 11747.671 Executing VM operation: ParallelGCFailedAllocation

Events (20 events):
Event: 1691.477 Thread 0x0000021247738400 Thread added: 0x0000021247738400
Event: 1691.477 Thread 0x0000021247738400 Thread exited: 0x0000021247738400
Event: 1691.477 Thread 0x0000021247736720 Thread exited: 0x0000021247736720
Event: 1691.477 Thread 0x0000021247735d80 Thread exited: 0x0000021247735d80
Event: 1729.372 Thread 0x000002124cdd1ec0 Thread exited: 0x000002124cdd1ec0
Event: 1789.381 Thread 0x000002124cdd1050 Thread exited: 0x000002124cdd1050
Event: 1849.389 Thread 0x000002124cdcf370 Thread exited: 0x000002124cdcf370
Event: 1909.397 Thread 0x000002124cdcccf0 Thread exited: 0x000002124cdcccf0
Event: 1969.405 Thread 0x000002124cdce9d0 Thread exited: 0x000002124cdce9d0
Event: 2029.410 Thread 0x000002124cdd2390 Thread exited: 0x000002124cdd2390
Event: 2089.420 Thread 0x000002124cdcd690 Thread exited: 0x000002124cdcd690
Event: 2149.420 Thread 0x000002124cdce500 Thread exited: 0x000002124cdce500
Event: 11733.589 Thread 0x0000021247736720 Thread added: 0x0000021247736720
Event: 11733.592 Thread 0x0000021247735d80 Thread added: 0x0000021247735d80
Event: 11742.919 Thread 0x0000021247738da0 Thread added: 0x0000021247738da0
Event: 11742.979 Thread 0x0000021247737590 Thread added: 0x0000021247737590
Event: 11743.457 Thread 0x0000021247737a60 Thread added: 0x0000021247737a60
Event: 11743.986 Thread 0x0000021247737f30 Thread added: 0x0000021247737f30
Event: 11745.262 Thread 0x000002124cdd2390 Thread added: 0x000002124cdd2390
Event: 11745.265 Thread 0x000002124cdd2390 Thread exited: 0x000002124cdd2390


Dynamic libraries:
0x00007ff7e28c0000 - 0x00007ff7e28ce000 	c:\Users\sergiojunior\.vscode\extensions\redhat.java-1.4.0-win32-x64\jre\17.0.2-win32-x86_64\bin\java.exe
0x00007ff951970000 - 0x00007ff951b65000 	C:\Windows\SYSTEM32\ntdll.dll
0x00007ff951870000 - 0x00007ff95192e000 	C:\Windows\System32\KERNEL32.DLL
0x00007ff94f5c0000 - 0x00007ff94f888000 	C:\Windows\System32\KERNELBASE.dll
0x00007ff94f280000 - 0x00007ff94f380000 	C:\Windows\System32\ucrtbase.dll
0x00007ff92c230000 - 0x00007ff92c248000 	c:\Users\sergiojunior\.vscode\extensions\redhat.java-1.4.0-win32-x64\jre\17.0.2-win32-x86_64\bin\jli.dll
0x00007ff917bd0000 - 0x00007ff917be9000 	c:\Users\sergiojunior\.vscode\extensions\redhat.java-1.4.0-win32-x64\jre\17.0.2-win32-x86_64\bin\VCRUNTIME140.dll
0x00007ff951310000 - 0x00007ff9514b0000 	C:\Windows\System32\USER32.dll
0x00007ff94e440000 - 0x00007ff94e6da000 	C:\Windows\WinSxS\amd64_microsoft.windows.common-controls_6595b64144ccf1df_6.0.19041.1110_none_60b5254171f9507e\COMCTL32.dll
0x00007ff94f4e0000 - 0x00007ff94f502000 	C:\Windows\System32\win32u.dll
0x00007ff94fad0000 - 0x00007ff94fb6e000 	C:\Windows\System32\msvcrt.dll
0x00007ff950b90000 - 0x00007ff950bbb000 	C:\Windows\System32\GDI32.dll
0x00007ff94f170000 - 0x00007ff94f27b000 	C:\Windows\System32\gdi32full.dll
0x00007ff94f900000 - 0x00007ff94f99d000 	C:\Windows\System32\msvcp_win.dll
0x00007ff9512d0000 - 0x00007ff951300000 	C:\Windows\System32\IMM32.DLL
0x00007ff92b4d0000 - 0x00007ff92b4dc000 	c:\Users\sergiojunior\.vscode\extensions\redhat.java-1.4.0-win32-x64\jre\17.0.2-win32-x86_64\bin\vcruntime140_1.dll
0x00007ff908760000 - 0x00007ff9087f1000 	c:\Users\sergiojunior\.vscode\extensions\redhat.java-1.4.0-win32-x64\jre\17.0.2-win32-x86_64\bin\msvcp140.dll
0x00007ff907b10000 - 0x00007ff908757000 	c:\Users\sergiojunior\.vscode\extensions\redhat.java-1.4.0-win32-x64\jre\17.0.2-win32-x86_64\bin\server\jvm.dll
0x00007ff94fca0000 - 0x00007ff94fd4e000 	C:\Windows\System32\ADVAPI32.dll
0x00007ff951510000 - 0x00007ff9515ac000 	C:\Windows\System32\sechost.dll
0x00007ff951630000 - 0x00007ff951755000 	C:\Windows\System32\RPCRT4.dll
0x00007ff94f9d0000 - 0x00007ff94f9d8000 	C:\Windows\System32\PSAPI.DLL
0x00007ff9293d0000 - 0x00007ff9293d9000 	C:\Windows\SYSTEM32\WSOCK32.dll
0x00007ff93a4b0000 - 0x00007ff93a4d7000 	C:\Windows\SYSTEM32\WINMM.dll
0x00007ff948190000 - 0x00007ff94819a000 	C:\Windows\SYSTEM32\VERSION.dll
0x00007ff950f00000 - 0x00007ff950f6b000 	C:\Windows\System32\WS2_32.dll
0x00007ff94c970000 - 0x00007ff94c982000 	C:\Windows\SYSTEM32\kernel.appcore.dll
0x00007ff921590000 - 0x00007ff92159a000 	c:\Users\sergiojunior\.vscode\extensions\redhat.java-1.4.0-win32-x64\jre\17.0.2-win32-x86_64\bin\jimage.dll
0x00007ff94e810000 - 0x00007ff94e9f4000 	C:\Windows\SYSTEM32\DBGHELP.DLL
0x00007ff94e7e0000 - 0x00007ff94e80c000 	C:\Windows\SYSTEM32\dbgcore.DLL
0x00007ff94f090000 - 0x00007ff94f112000 	C:\Windows\System32\bcryptPrimitives.dll
0x00007ff9079b0000 - 0x00007ff9079d5000 	c:\Users\sergiojunior\.vscode\extensions\redhat.java-1.4.0-win32-x64\jre\17.0.2-win32-x86_64\bin\java.dll
0x00007ff90c6e0000 - 0x00007ff90c6f8000 	c:\Users\sergiojunior\.vscode\extensions\redhat.java-1.4.0-win32-x64\jre\17.0.2-win32-x86_64\bin\zip.dll
0x00007ff950290000 - 0x00007ff9509d4000 	C:\Windows\System32\SHELL32.dll
0x00007ff94cb70000 - 0x00007ff94d304000 	C:\Windows\SYSTEM32\windows.storage.dll
0x00007ff950f70000 - 0x00007ff9512c4000 	C:\Windows\System32\combase.dll
0x00007ff94e3a0000 - 0x00007ff94e3cc000 	C:\Windows\SYSTEM32\Wldp.dll
0x00007ff951760000 - 0x00007ff95180d000 	C:\Windows\System32\SHCORE.dll
0x00007ff951810000 - 0x00007ff951865000 	C:\Windows\System32\shlwapi.dll
0x00007ff94efd0000 - 0x00007ff94efef000 	C:\Windows\SYSTEM32\profapi.dll
0x00007ff906a60000 - 0x00007ff906a79000 	C:\Users\sergiojunior\.vscode\extensions\redhat.java-1.4.0-win32-x64\jre\17.0.2-win32-x86_64\bin\net.dll
0x00007ff945830000 - 0x00007ff945939000 	C:\Windows\SYSTEM32\WINHTTP.dll
0x00007ff94e270000 - 0x00007ff94e2da000 	C:\Windows\system32\mswsock.dll
0x00007ff906a40000 - 0x00007ff906a55000 	C:\Users\sergiojunior\.vscode\extensions\redhat.java-1.4.0-win32-x64\jre\17.0.2-win32-x86_64\bin\nio.dll
0x00007ff94ed40000 - 0x00007ff94ed58000 	C:\Windows\SYSTEM32\CRYPTSP.dll
0x00007ff94daa0000 - 0x00007ff94dad4000 	C:\Windows\system32\rsaenh.dll
0x00007ff94f9a0000 - 0x00007ff94f9c7000 	C:\Windows\System32\bcrypt.dll
0x00007ff94ef90000 - 0x00007ff94efbe000 	C:\Windows\SYSTEM32\USERENV.dll
0x00007ff94e360000 - 0x00007ff94e36c000 	C:\Windows\SYSTEM32\CRYPTBASE.dll
0x00007ff94ddf0000 - 0x00007ff94de2b000 	C:\Windows\SYSTEM32\IPHLPAPI.DLL
0x00007ff94f9e0000 - 0x00007ff94f9e8000 	C:\Windows\System32\NSI.dll
0x00007ff9480a0000 - 0x00007ff9480b7000 	C:\Windows\SYSTEM32\dhcpcsvc6.DLL
0x00007ff947f50000 - 0x00007ff947f6d000 	C:\Windows\SYSTEM32\dhcpcsvc.DLL
0x00007ff94de30000 - 0x00007ff94defa000 	C:\Windows\SYSTEM32\DNSAPI.dll
0x00007ff90c5e0000 - 0x00007ff90c61e000 	C:\Users\sergiojunior\AppData\Roaming\Code\User\globalStorage\redhat.java\1.4.0\config_win\org.eclipse.equinox.launcher\org.eclipse.equinox.launcher.win32.win32.x86_64_1.2.400.v20211117-0650\eclipse_11602.dll
0x00007ff94fb70000 - 0x00007ff94fc9a000 	C:\Windows\System32\ole32.dll
0x00007ff92e7f0000 - 0x00007ff92e800000 	c:\Users\sergiojunior\.vscode\extensions\redhat.java-1.4.0-win32-x64\jre\17.0.2-win32-x86_64\bin\verify.dll
0x00007ff9014d0000 - 0x00007ff9014e1000 	C:\Users\sergiojunior\AppData\Roaming\Code\User\globalStorage\redhat.java\1.4.0\config_win\org.eclipse.osgi\22\0\.cp\jWinHttp-1.0.0.dll
0x00007ff8fe3a0000 - 0x00007ff8fe3ae000 	C:\Users\sergiojunior\.vscode\extensions\redhat.java-1.4.0-win32-x64\jre\17.0.2-win32-x86_64\bin\sunmscapi.dll
0x00007ff94f380000 - 0x00007ff94f4d6000 	C:\Windows\System32\CRYPT32.dll
0x00007ff94e410000 - 0x00007ff94e437000 	C:\Windows\SYSTEM32\ncrypt.dll
0x00007ff94e3d0000 - 0x00007ff94e40b000 	C:\Windows\SYSTEM32\NTASN1.dll

dbghelp: loaded successfully - version: 4.0.5 - missing functions: none
symbol engine: initialized successfully - sym options: 0x614 - pdb path: .;c:\Users\sergiojunior\.vscode\extensions\redhat.java-1.4.0-win32-x64\jre\17.0.2-win32-x86_64\bin;C:\Windows\SYSTEM32;C:\Windows\WinSxS\amd64_microsoft.windows.common-controls_6595b64144ccf1df_6.0.19041.1110_none_60b5254171f9507e;c:\Users\sergiojunior\.vscode\extensions\redhat.java-1.4.0-win32-x64\jre\17.0.2-win32-x86_64\bin\server;C:\Users\sergiojunior\AppData\Roaming\Code\User\globalStorage\redhat.java\1.4.0\config_win\org.eclipse.equinox.launcher\org.eclipse.equinox.launcher.win32.win32.x86_64_1.2.400.v20211117-0650;C:\Users\sergiojunior\AppData\Roaming\Code\User\globalStorage\redhat.java\1.4.0\config_win\org.eclipse.osgi\22\0\.cp

VM Arguments:
jvm_args: --add-modules=ALL-SYSTEM --add-opens=java.base/java.util=ALL-UNNAMED --add-opens=java.base/java.lang=ALL-UNNAMED --add-opens=java.base/sun.nio.fs=ALL-UNNAMED -Declipse.application=org.eclipse.jdt.ls.core.id1 -Dosgi.bundles.defaultStartLevel=4 -Declipse.product=org.eclipse.jdt.ls.core.product -Djava.import.generatesMetadataFilesAtProjectRoot=false -Dfile.encoding=utf8 -DwatchParentProcess=false -XX:+UseParallelGC -XX:GCTimeRatio=4 -XX:AdaptiveSizePolicyWeight=90 -Dsun.zip.disableMemoryMapping=true -Xmx1G -Xms100m -XX:+HeapDumpOnOutOfMemoryError -XX:HeapDumpPath=c:\Users\sergiojunior\AppData\Roaming\Code\User\workspaceStorage\b2d34625c9afce2452607dc0da97ecd1\redhat.java 
java_command: c:\Users\sergiojunior\.vscode\extensions\redhat.java-1.4.0-win32-x64\server\plugins\org.eclipse.equinox.launcher_1.6.400.v20210924-0641.jar -configuration c:\Users\sergiojunior\AppData\Roaming\Code\User\globalStorage\redhat.java\1.4.0\config_win -data c:\Users\sergiojunior\AppData\Roaming\Code\User\workspaceStorage\b2d34625c9afce2452607dc0da97ecd1\redhat.java\jdt_ws
java_class_path (initial): c:\Users\sergiojunior\.vscode\extensions\redhat.java-1.4.0-win32-x64\server\plugins\org.eclipse.equinox.launcher_1.6.400.v20210924-0641.jar
Launcher Type: SUN_STANDARD

[Global flags]
    uintx AdaptiveSizePolicyWeight                 = 90                                        {product} {command line}
     intx CICompilerCount                          = 4                                         {product} {ergonomic}
    uintx GCTimeRatio                              = 4                                         {product} {command line}
     bool HeapDumpOnOutOfMemoryError               = true                                   {manageable} {command line}
    ccstr HeapDumpPath                             = c:\Users\sergiojunior\AppData\Roaming\Code\User\workspaceStorage\b2d34625c9afce2452607dc0da97ecd1\redhat.java         {manageable} {command line}
   size_t InitialHeapSize                          = 104857600                                 {product} {command line}
   size_t MaxHeapSize                              = 1073741824                                {product} {command line}
   size_t MaxNewSize                               = 357564416                                 {product} {ergonomic}
   size_t MinHeapDeltaBytes                        = 524288                                    {product} {ergonomic}
   size_t MinHeapSize                              = 104857600                                 {product} {command line}
   size_t NewSize                                  = 34603008                                  {product} {ergonomic}
    uintx NonNMethodCodeHeapSize                   = 5839372                                {pd product} {ergonomic}
    uintx NonProfiledCodeHeapSize                  = 122909434                              {pd product} {ergonomic}
   size_t OldSize                                  = 70254592                                  {product} {ergonomic}
    uintx ProfiledCodeHeapSize                     = 122909434                              {pd product} {ergonomic}
    uintx ReservedCodeCacheSize                    = 251658240                              {pd product} {ergonomic}
     bool SegmentedCodeCache                       = true                                      {product} {ergonomic}
   size_t SoftMaxHeapSize                          = 1073741824                             {manageable} {ergonomic}
     bool UseCompressedClassPointers               = true                           {product lp64_product} {ergonomic}
     bool UseCompressedOops                        = true                           {product lp64_product} {ergonomic}
     bool UseLargePagesIndividualAllocation        = false                                  {pd product} {ergonomic}
     bool UseParallelGC                            = true                                      {product} {command line}

Logging:
Log output configuration:
 #0: stdout all=warning uptime,level,tags
 #1: stderr all=off uptime,level,tags

Environment Variables:
PATH=C:\Program Files\Common Files\Oracle\Java\javapath;C:\Program Files (x86)\Common Files\Oracle\Java\javapath;C:\Windows\system32;C:\Windows;C:\Windows\System32\Wbem;C:\Windows\System32\WindowsPowerShell\v1.0\;C:\Windows\System32\OpenSSH\;C:\ProgramData\chocolatey\bin;C:\Users\sergiojunior\AppData\Local\Microsoft\WindowsApps;;C:\Users\sergiojunior\AppData\Local\Programs\Microsoft VS Code\bin
USERNAME=sergiojunior
OS=Windows_NT
PROCESSOR_IDENTIFIER=Intel64 Family 6 Model 158 Stepping 10, GenuineIntel



---------------  S Y S T E M  ---------------

OS:
 Windows 10 , 64 bit Build 19041 (10.0.19041.1566)
OS uptime: 0 days 3:16 hours

CPU: total 12 (initial active 12) (6 cores per cpu, 2 threads per core) family 6 model 158 stepping 10 microcode 0xb4, cx8, cmov, fxsr, ht, mmx, 3dnowpref, sse, sse2, sse3, ssse3, sse4.1, sse4.2, popcnt, lzcnt, tsc, tscinvbit, avx, avx2, aes, erms, clmul, bmi1, bmi2, rtm, adx, fma, vzeroupper, clflush, clflushopt

Memory: 4k page, system-wide physical 8029M (3929M free)
TotalPageFile size 9309M (AvailPageFile size 3505M)
current process WorkingSet (physical memory assigned to process): 269M, peak: 335M
current process commit charge ("private bytes"): 342M, peak: 365M

vm_info: OpenJDK 64-Bit Server VM (17.0.2+8) for windows-amd64 JRE (17.0.2+8), built on Jan 20 2022 04:52:34 by "" with MS VC++ 16.7 (VS2019)

END.
